# JRE version: OpenJDK Runtime Environment (11.0.11+9) (build 11.0.11+9-b60-7590822)
# Java VM: OpenJDK 64-Bit Server VM (11.0.11+9-b60-7590822, mixed mode, tiered, compressed oops, g1 gc, windows-amd64)
Heap:
 garbage-first heap   total 455680K, used 385525K [0x00000006e0000000, 0x0000000800000000)
  region size 1024K, 248 young (253952K), 28 survivors (28672K)
 Metaspace       used 115243K, capacity 118394K, committed 118456K, reserved 1153024K
  class space    used 14667K, capacity 15850K, committed 15872K, reserved 1048576K
GC Heap History (20 events):
Event: 36.486 GC heap after
{Heap after GC invocations=17 (full 0):
 garbage-first heap   total 349184K, used 71606K [0x00000006e0000000, 0x0000000800000000)
  region size 1024K, 17 young (17408K), 17 survivors (17408K)
 Metaspace       used 75846K, capacity 77742K, committed 77960K, reserved 1116160K
  class space    used 9802K, capacity 10512K, committed 10624K, reserved 1048576K
}
Event: 45.013 GC heap before
{Heap before GC invocations=17 (full 0):
 garbage-first heap   total 349184K, used 224182K [0x00000006e0000000, 0x0000000800000000)
  region size 1024K, 166 young (169984K), 17 survivors (17408K)
 Metaspace       used 85508K, capacity 87708K, committed 87944K, reserved 1126400K
  class space    used 11075K, capacity 11879K, committed 11904K, reserved 1048576K
}
Event: 45.090 GC heap after
{Heap after GC invocations=18 (full 0):
 garbage-first heap   total 425984K, used 82875K [0x00000006e0000000, 0x0000000800000000)
  region size 1024K, 20 young (20480K), 20 survivors (20480K)
 Metaspace       used 85508K, capacity 87708K, committed 87944K, reserved 1126400K
  class space    used 11075K, capacity 11879K, committed 11904K, reserved 1048576K
}
Event: 52.643 GC heap before
{Heap before GC invocations=18 (full 0):
 garbage-first heap   total 425984K, used 266171K [0x00000006e0000000, 0x0000000800000000)
  region size 1024K, 181 young (185344K), 20 survivors (20480K)
 Metaspace       used 93880K, capacity 96161K, committed 96392K, reserved 1132544K
  class space    used 11947K, capacity 12808K, committed 12928K, reserved 1048576K
}
Event: 52.710 GC heap after
{Heap after GC invocations=19 (full 0):
 garbage-first heap   total 425984K, used 90112K [0x00000006e0000000, 0x0000000800000000)
  region size 1024K, 18 young (18432K), 18 survivors (18432K)
 Metaspace       used 93880K, capacity 96161K, committed 96392K, reserved 1132544K
  class space    used 11947K, capacity 12808K, committed 12928K, reserved 1048576K
}
Event: 58.062 GC heap before
{Heap before GC invocations=19 (full 0):
 garbage-first heap   total 425984K, used 235520K [0x00000006e0000000, 0x0000000800000000)
  region size 1024K, 161 young (164864K), 18 survivors (18432K)
 Metaspace       used 98415K, capacity 100781K, committed 100920K, reserved 1136640K
  class space    used 12519K, capacity 13387K, committed 13440K, reserved 1048576K
}
Event: 58.206 GC heap after
{Heap after GC invocations=20 (full 0):
 garbage-first heap   total 425984K, used 99840K [0x00000006e0000000, 0x0000000800000000)
  region size 1024K, 16 young (16384K), 16 survivors (16384K)
 Metaspace       used 98415K, capacity 100781K, committed 100920K, reserved 1136640K
  class space    used 12519K, capacity 13387K, committed 13440K, reserved 1048576K
}
Event: 125.602 GC heap before
{Heap before GC invocations=21 (full 0):
 garbage-first heap   total 425984K, used 258560K [0x00000006e0000000, 0x0000000800000000)
  region size 1024K, 172 young (176128K), 16 survivors (16384K)
 Metaspace       used 110487K, capacity 113426K, committed 113592K, reserved 1148928K
  class space    used 14255K, capacity 15359K, committed 15360K, reserved 1048576K
}
Event: 125.680 GC heap after
{Heap after GC invocations=22 (full 0):
 garbage-first heap   total 425984K, used 107520K [0x00000006e0000000, 0x0000000800000000)
  region size 1024K, 18 young (18432K), 18 survivors (18432K)
 Metaspace       used 110487K, capacity 113426K, committed 113592K, reserved 1148928K
  class space    used 14255K, capacity 15359K, committed 15360K, reserved 1048576K
}
Event: 136.455 GC heap before
{Heap before GC invocations=22 (full 0):
 garbage-first heap   total 425984K, used 284672K [0x00000006e0000000, 0x0000000800000000)
  region size 1024K, 192 young (196608K), 18 survivors (18432K)
 Metaspace       used 113307K, capacity 116412K, committed 116536K, reserved 1150976K
  class space    used 14479K, capacity 15631K, committed 15744K, reserved 1048576K
}
Event: 136.620 GC heap after
{Heap after GC invocations=23 (full 0):
 garbage-first heap   total 425984K, used 122368K [0x00000006e0000000, 0x0000000800000000)
  region size 1024K, 23 young (23552K), 23 survivors (23552K)
 Metaspace       used 113307K, capacity 116412K, committed 116536K, reserved 1150976K
  class space    used 14479K, capacity 15631K, committed 15744K, reserved 1048576K
}
Event: 140.173 GC heap before
{Heap before GC invocations=23 (full 0):
 garbage-first heap   total 425984K, used 312832K [0x00000006e0000000, 0x0000000800000000)
  region size 1024K, 209 young (214016K), 23 survivors (23552K)
 Metaspace       used 113675K, capacity 116776K, committed 117048K, reserved 1150976K
  class space    used 14538K, capacity 15707K, committed 15744K, reserved 1048576K
}
Event: 140.231 GC heap after
{Heap after GC invocations=24 (full 0):
 garbage-first heap   total 425984K, used 120320K [0x00000006e0000000, 0x0000000800000000)
  region size 1024K, 2 young (2048K), 2 survivors (2048K)
 Metaspace       used 113675K, capacity 116776K, committed 117048K, reserved 1150976K
  class space    used 14538K, capacity 15707K, committed 15744K, reserved 1048576K
}
Event: 141.983 GC heap before
{Heap before GC invocations=24 (full 0):
 garbage-first heap   total 425984K, used 324096K [0x00000006e0000000, 0x0000000800000000)
  region size 1024K, 201 young (205824K), 2 survivors (2048K)
 Metaspace       used 113796K, capacity 116929K, committed 117048K, reserved 1150976K
  class space    used 14545K, capacity 15715K, committed 15744K, reserved 1048576K
}
Event: 142.000 GC heap after
{Heap after GC invocations=25 (full 0):
 garbage-first heap   total 425984K, used 120832K [0x00000006e0000000, 0x0000000800000000)
  region size 1024K, 2 young (2048K), 2 survivors (2048K)
 Metaspace       used 113796K, capacity 116929K, committed 117048K, reserved 1150976K
  class space    used 14545K, capacity 15715K, committed 15744K, reserved 1048576K
}
Event: 143.587 GC heap before
{Heap before GC invocations=25 (full 0):
 garbage-first heap   total 425984K, used 332800K [0x00000006e0000000, 0x0000000800000000)
  region size 1024K, 209 young (214016K), 2 survivors (2048K)
 Metaspace       used 113873K, capacity 116999K, committed 117048K, reserved 1150976K
  class space    used 14549K, capacity 15716K, committed 15744K, reserved 1048576K
}
Event: 143.625 GC heap after
{Heap after GC invocations=26 (full 0):
 garbage-first heap   total 425984K, used 121677K [0x00000006e0000000, 0x0000000800000000)
  region size 1024K, 3 young (3072K), 3 survivors (3072K)
 Metaspace       used 113873K, capacity 116999K, committed 117048K, reserved 1150976K
  class space    used 14549K, capacity 15716K, committed 15744K, reserved 1048576K
}
Event: 145.803 GC heap before
{Heap before GC invocations=26 (full 0):
 garbage-first heap   total 425984K, used 339789K [0x00000006e0000000, 0x0000000800000000)
  region size 1024K, 216 young (221184K), 3 survivors (3072K)
 Metaspace       used 113905K, capacity 117013K, committed 117048K, reserved 1150976K
  class space    used 14551K, capacity 15721K, committed 15744K, reserved 1048576K
}
Event: 145.825 GC heap after
{Heap after GC invocations=27 (full 0):
 garbage-first heap   total 425984K, used 122357K [0x00000006e0000000, 0x0000000800000000)
  region size 1024K, 4 young (4096K), 4 survivors (4096K)
 Metaspace       used 113905K, capacity 117013K, committed 117048K, reserved 1150976K
  class space    used 14551K, capacity 15721K, committed 15744K, reserved 1048576K
}
Event: 152.937 GC heap before
{Heap before GC invocations=27 (full 0):
 garbage-first heap   total 425984K, used 384501K [0x00000006e0000000, 0x0000000800000000)
  region size 1024K, 224 young (229376K), 4 survivors (4096K)
 Metaspace       used 115243K, capacity 118394K, committed 118456K, reserved 1153024K
  class space    used 14667K, capacity 15850K, committed 15872K, reserved 1048576K
}

