# JRE version: OpenJDK Runtime Environment (11.0.11+9) (build 11.0.11+9-b60-7590822)
# Java VM: OpenJDK 64-Bit Server VM (11.0.11+9-b60-7590822, mixed mode, tiered, compressed oops, g1 gc, windows-amd64)
Heap:
 garbage-first heap   total 444416K, used 270726K [0x00000006e0000000, 0x0000000800000000)
  region size 1024K, 135 young (138240K), 6 survivors (6144K)
 Metaspace       used 120397K, capacity 123894K, committed 124028K, reserved 1157120K
  class space    used 15527K, capacity 16880K, committed 16896K, reserved 1048576K
GC Heap History (20 events):
Event: 208.983 GC heap before
{Heap before GC invocations=75 (full 0):
 garbage-first heap   total 218112K, used 184993K [0x00000006e0000000, 0x0000000800000000)
  region size 1024K, 51 young (52224K), 2 survivors (2048K)
 Metaspace       used 119579K, capacity 123063K, committed 123260K, reserved 1155072K
  class space    used 15488K, capacity 16815K, committed 16896K, reserved 1048576K
}
Event: 208.996 GC heap after
{Heap after GC invocations=76 (full 0):
 garbage-first heap   total 218112K, used 134794K [0x00000006e0000000, 0x0000000800000000)
  region size 1024K, 2 young (2048K), 2 survivors (2048K)
 Metaspace       used 119579K, capacity 123063K, committed 123260K, reserved 1155072K
  class space    used 15488K, capacity 16815K, committed 16896K, reserved 1048576K
}
Event: 209.478 GC heap before
{Heap before GC invocations=76 (full 0):
 garbage-first heap   total 218112K, used 184970K [0x00000006e0000000, 0x0000000800000000)
  region size 1024K, 51 young (52224K), 2 survivors (2048K)
 Metaspace       used 119607K, capacity 123082K, committed 123260K, reserved 1155072K
  class space    used 15492K, capacity 16822K, committed 16896K, reserved 1048576K
}
Event: 209.496 GC heap after
{Heap after GC invocations=77 (full 0):
 garbage-first heap   total 262144K, used 134934K [0x00000006e0000000, 0x0000000800000000)
  region size 1024K, 2 young (2048K), 2 survivors (2048K)
 Metaspace       used 119607K, capacity 123082K, committed 123260K, reserved 1155072K
  class space    used 15492K, capacity 16822K, committed 16896K, reserved 1048576K
}
Event: 211.419 GC heap before
{Heap before GC invocations=77 (full 0):
 garbage-first heap   total 262144K, used 205590K [0x00000006e0000000, 0x0000000800000000)
  region size 1024K, 71 young (72704K), 2 survivors (2048K)
 Metaspace       used 119649K, capacity 123149K, committed 123260K, reserved 1155072K
  class space    used 15495K, capacity 16822K, committed 16896K, reserved 1048576K
}
Event: 211.438 GC heap after
{Heap after GC invocations=78 (full 0):
 garbage-first heap   total 262144K, used 135269K [0x00000006e0000000, 0x0000000800000000)
  region size 1024K, 2 young (2048K), 2 survivors (2048K)
 Metaspace       used 119649K, capacity 123149K, committed 123260K, reserved 1155072K
  class space    used 15495K, capacity 16822K, committed 16896K, reserved 1048576K
}
Event: 212.332 GC heap before
{Heap before GC invocations=78 (full 0):
 garbage-first heap   total 262144K, used 206949K [0x00000006e0000000, 0x0000000800000000)
  region size 1024K, 73 young (74752K), 2 survivors (2048K)
 Metaspace       used 119676K, capacity 123150K, committed 123260K, reserved 1155072K
  class space    used 15496K, capacity 16822K, committed 16896K, reserved 1048576K
}
Event: 212.356 GC heap after
{Heap after GC invocations=79 (full 0):
 garbage-first heap   total 262144K, used 136136K [0x00000006e0000000, 0x0000000800000000)
  region size 1024K, 3 young (3072K), 3 survivors (3072K)
 Metaspace       used 119676K, capacity 123150K, committed 123260K, reserved 1155072K
  class space    used 15496K, capacity 16822K, committed 16896K, reserved 1048576K
}
Event: 213.578 GC heap before
{Heap before GC invocations=79 (full 0):
 garbage-first heap   total 262144K, used 210888K [0x00000006e0000000, 0x0000000800000000)
  region size 1024K, 76 young (77824K), 3 survivors (3072K)
 Metaspace       used 119753K, capacity 123261K, committed 123516K, reserved 1157120K
  class space    used 15509K, capacity 16859K, committed 16896K, reserved 1048576K
}
Event: 213.607 GC heap after
{Heap after GC invocations=80 (full 0):
 garbage-first heap   total 262144K, used 136705K [0x00000006e0000000, 0x0000000800000000)
  region size 1024K, 4 young (4096K), 4 survivors (4096K)
 Metaspace       used 119753K, capacity 123261K, committed 123516K, reserved 1157120K
  class space    used 15509K, capacity 16859K, committed 16896K, reserved 1048576K
}
Event: 214.516 GC heap before
{Heap before GC invocations=80 (full 0):
 garbage-first heap   total 262144K, used 211457K [0x00000006e0000000, 0x0000000800000000)
  region size 1024K, 77 young (78848K), 4 survivors (4096K)
 Metaspace       used 119862K, capacity 123355K, committed 123516K, reserved 1157120K
  class space    used 15511K, capacity 16863K, committed 16896K, reserved 1048576K
}
Event: 214.567 GC heap after
{Heap after GC invocations=81 (full 0):
 garbage-first heap   total 315392K, used 136316K [0x00000006e0000000, 0x0000000800000000)
  region size 1024K, 3 young (3072K), 3 survivors (3072K)
 Metaspace       used 119862K, capacity 123355K, committed 123516K, reserved 1157120K
  class space    used 15511K, capacity 16863K, committed 16896K, reserved 1048576K
}
Event: 215.427 GC heap before
{Heap before GC invocations=81 (full 0):
 garbage-first heap   total 315392K, used 232572K [0x00000006e0000000, 0x0000000800000000)
  region size 1024K, 97 young (99328K), 3 survivors (3072K)
 Metaspace       used 119876K, capacity 123357K, committed 123516K, reserved 1157120K
  class space    used 15511K, capacity 16863K, committed 16896K, reserved 1048576K
}
Event: 215.479 GC heap after
{Heap after GC invocations=82 (full 0):
 garbage-first heap   total 315392K, used 136466K [0x00000006e0000000, 0x0000000800000000)
  region size 1024K, 3 young (3072K), 3 survivors (3072K)
 Metaspace       used 119876K, capacity 123357K, committed 123516K, reserved 1157120K
  class space    used 15511K, capacity 16863K, committed 16896K, reserved 1048576K
}
Event: 217.524 GC heap before
{Heap before GC invocations=82 (full 0):
 garbage-first heap   total 315392K, used 247058K [0x00000006e0000000, 0x0000000800000000)
  region size 1024K, 107 young (109568K), 3 survivors (3072K)
 Metaspace       used 120317K, capacity 123818K, committed 124028K, reserved 1157120K
  class space    used 15522K, capacity 16877K, committed 16896K, reserved 1048576K
}
Event: 217.565 GC heap after
{Heap after GC invocations=83 (full 0):
 garbage-first heap   total 315392K, used 136751K [0x00000006e0000000, 0x0000000800000000)
  region size 1024K, 4 young (4096K), 4 survivors (4096K)
 Metaspace       used 120317K, capacity 123818K, committed 124028K, reserved 1157120K
  class space    used 15522K, capacity 16877K, committed 16896K, reserved 1048576K
}
Event: 219.244 GC heap before
{Heap before GC invocations=83 (full 0):
 garbage-first heap   total 315392K, used 255535K [0x00000006e0000000, 0x0000000800000000)
  region size 1024K, 121 young (123904K), 4 survivors (4096K)
 Metaspace       used 120344K, capacity 123884K, committed 124028K, reserved 1157120K
  class space    used 15524K, capacity 16877K, committed 16896K, reserved 1048576K
}
Event: 219.278 GC heap after
{Heap after GC invocations=84 (full 0):
 garbage-first heap   total 315392K, used 137086K [0x00000006e0000000, 0x0000000800000000)
  region size 1024K, 4 young (4096K), 4 survivors (4096K)
 Metaspace       used 120344K, capacity 123884K, committed 124028K, reserved 1157120K
  class space    used 15524K, capacity 16877K, committed 16896K, reserved 1048576K
}
Event: 220.831 GC heap before
{Heap before GC invocations=84 (full 0):
 garbage-first heap   total 315392K, used 263038K [0x00000006e0000000, 0x0000000800000000)
  region size 1024K, 128 young (131072K), 4 survivors (4096K)
 Metaspace       used 120363K, capacity 123891K, committed 124028K, reserved 1157120K
  class space    used 15525K, capacity 16879K, committed 16896K, reserved 1048576K
}
Event: 220.916 GC heap after
{Heap after GC invocations=85 (full 0):
 garbage-first heap   total 444416K, used 139654K [0x00000006e0000000, 0x0000000800000000)
  region size 1024K, 6 young (6144K), 6 survivors (6144K)
 Metaspace       used 120363K, capacity 123891K, committed 124028K, reserved 1157120K
  class space    used 15525K, capacity 16879K, committed 16896K, reserved 1048576K
}

